<?xml version="1.0" encoding="UTF-8"?>
<!-- Generated by org.testng.reporters.JUnitReportReporter -->
<testsuite hostname="LAPTOP-Q1P4S741" failures="0" tests="5" name="tests.HomePageTests" time="80.865" errors="0" timestamp="2024-04-04T23:17:50 CEST" skipped="0">
  <testcase classname="tests.HomePageTests" name="SearchRecordTest" time="6.555"/>
  <system-out/>
  <testcase classname="tests.HomePageTests" name="FeelingLuckyButtonTest" time="30.532"/>
  <system-out/>
  <testcase classname="tests.HomePageTests" name="LogInWithIncorrectPassword" time="10.766"/>
  <system-out/>
  <testcase classname="tests.HomePageTests" name="LogInWithCorrectCredentials" time="11.425"/>
  <system-out/>
  <testcase classname="tests.HomePageTests" name="CheckFooterLinks" time="21.587"/>
  <system-out/>
</testsuite> <!-- tests.HomePageTests -->
