<?xml version="1.0" encoding="UTF-8"?>
<!-- Generated by org.testng.reporters.JUnitReportReporter -->
<testsuite hostname="LAPTOP-Q1P4S741" failures="0" tests="5" name="tests.HomePageTests" time="83.141" errors="0" timestamp="2024-04-05T08:00:29 CEST" skipped="0">
  <testcase classname="tests.HomePageTests" name="SearchRecordTest" time="5.964"/>
  <system-out/>
  <testcase classname="tests.HomePageTests" name="FeelingLuckyButtonTest" time="29.911"/>
  <system-out/>
  <testcase classname="tests.HomePageTests" name="LogInWithIncorrectPassword" time="9.971"/>
  <system-out/>
  <testcase classname="tests.HomePageTests" name="LogInWithCorrectCredentials" time="13.765"/>
  <system-out/>
  <testcase classname="tests.HomePageTests" name="CheckFooterLinks" time="23.530"/>
  <system-out/>
</testsuite> <!-- tests.HomePageTests -->
